[2012-04-23 23:23:05] make install
./miniruby -I./lib -I.ext/common -I./- -r./ext/purelib.rb  ./tool/rbinstall.rb --make="make" --dest-dir="" --extout=".ext" --mflags="" --make-flags="" --data-mode=0644 --prog-mode=0755 --installed-list .installed.list --mantype="doc"
installing binary commands:   /home/anjana/.rvm/rubies/ruby-1.9.2-p320/bin
installing base libraries:    /home/anjana/.rvm/rubies/ruby-1.9.2-p320/lib
installing arch files:        /home/anjana/.rvm/rubies/ruby-1.9.2-p320/lib/ruby/1.9.1/x86_64-linux
installing command scripts:   /home/anjana/.rvm/rubies/ruby-1.9.2-p320/bin
installing library scripts:   /home/anjana/.rvm/rubies/ruby-1.9.2-p320/lib/ruby/1.9.1
installing common headers:    /home/anjana/.rvm/rubies/ruby-1.9.2-p320/include/ruby-1.9.1
installing manpages:          /home/anjana/.rvm/rubies/ruby-1.9.2-p320/share/man/man1
installing extension objects: /home/anjana/.rvm/rubies/ruby-1.9.2-p320/lib/ruby/1.9.1/x86_64-linux
installing extension objects: /home/anjana/.rvm/rubies/ruby-1.9.2-p320/lib/ruby/site_ruby/1.9.1/x86_64-linux
installing extension objects: /home/anjana/.rvm/rubies/ruby-1.9.2-p320/lib/ruby/vendor_ruby/1.9.1/x86_64-linux
installing extension headers: /home/anjana/.rvm/rubies/ruby-1.9.2-p320/include/ruby-1.9.1/x86_64-linux
installing extension scripts: /home/anjana/.rvm/rubies/ruby-1.9.2-p320/lib/ruby/1.9.1
installing extension scripts: /home/anjana/.rvm/rubies/ruby-1.9.2-p320/lib/ruby/site_ruby/1.9.1
installing extension scripts: /home/anjana/.rvm/rubies/ruby-1.9.2-p320/lib/ruby/vendor_ruby/1.9.1
installing extension headers: /home/anjana/.rvm/rubies/ruby-1.9.2-p320/include/ruby-1.9.1/ruby
installing default gems:      /home/anjana/.rvm/rubies/ruby-1.9.2-p320/lib/ruby/gems/1.9.1 (cache, doc, gems, specifications)
                              rake 0.8.7
                              rdoc 2.5.8
                              minitest 1.6.0
