[2012-04-26 12:23:30,275] - DEBUG - singleton - Checking for another running instance...
[2012-04-26 12:23:30,281] - INFO - zeitgeist.sql - Using database: /home/anjana/.local/share/zeitgeist/activity.sqlite
[2012-04-26 12:23:30,283] - DEBUG - zeitgeist.sql - Core schema is good. DB loaded in 1.59597396851ms
[2012-04-26 12:23:30,305] - DEBUG - zeitgeist.extension - Searching for system extensions in: /usr/share/zeitgeist/_zeitgeist/engine/extensions
[2012-04-26 12:23:30,305] - DEBUG - zeitgeist.extension - Searching for user extensions in: /home/anjana/.local/share/zeitgeist/extensions
[2012-04-26 12:23:30,342] - DEBUG - zeitgeist.extension - No extra extensions
[2012-04-26 12:23:30,342] - DEBUG - zeitgeist.extension - Found extensions: [<class '_zeitgeist.engine.extensions.fts.SearchEngineExtension'>, <class '_zeitgeist.engine.extensions.datasource_registry.DataSourceRegistry'>, <class '_zeitgeist.engine.extensions.blacklist.Blacklist'>]
[2012-04-26 12:23:30,342] - DEBUG - zeitgeist.extension - Loading extension 'SearchEngineExtension'
[2012-04-26 12:23:30,342] - DEBUG - zeitgeist.fts - Opening full text index: /home/anjana/.local/share/zeitgeist/fts.index
[2012-04-26 12:23:30,367] - DEBUG - zeitgeist.extension - Loading extension 'DataSourceRegistry'
[2012-04-26 12:23:30,367] - DEBUG - zeitgeist.datasource_registry - Loaded data-source data from /home/anjana/.local/share/zeitgeist/datasources.pickle
[2012-04-26 12:23:30,368] - DEBUG - zeitgeist.extension - Loading extension 'Blacklist'
[2012-04-26 12:23:30,368] - DEBUG - zeitgeist.blacklist - No existing blacklist config found
[2012-04-26 12:23:30,370] - INFO - root - Trying to start the datahub
[2012-04-26 12:23:30,379] - DEBUG - root - Running datahub (/usr/bin/zeitgeist-datahub) with PID=1526
[2012-04-26 12:23:30,379] - INFO - root - Starting Zeitgeist service...
[2012-04-26 12:23:30,499] - DEBUG - zeitgeist.fts - Indexing 'file:///home/anjana/rails_projects/first_app/id_rsa.pub'
[2012-04-26 12:23:30,542] - DEBUG - zeitgeist.fts - Indexing 'file:///home/anjana/rails_projects/first_app/id_rsa.pub'
[2012-04-26 12:23:30,544] - DEBUG - zeitgeist.fts - Indexing 'file:///home/anjana/rails_projects/first_app/id_rsa.pub'
[2012-04-26 12:23:30,548] - DEBUG - zeitgeist.fts - Indexing 'file:///home/anjana/rails_projects/first_app/.gitignore'
[2012-04-26 12:23:30,550] - DEBUG - zeitgeist.fts - Indexing 'file:///home/anjana/rails_projects/first_app/.gitignore'
[2012-04-26 12:23:30,575] - DEBUG - zeitgeist.fts - Indexing 'file:///home/anjana/rails_projects/first_app/.gitignore'
[2012-04-26 12:23:30,619] - DEBUG - zeitgeist.engine - Inserted 6 events out of 6 in 0.123334s
[2012-04-26 12:23:31,116] - DEBUG - zeitgeist.fts - Committing FTS index
[2012-04-26 12:24:45,914] - DEBUG - zeitgeist.fts - Indexing 'file:///home/anjana/Desktop/DSCF2669.JPG'
[2012-04-26 12:24:45,928] - DEBUG - zeitgeist.engine - Inserted 3 events out of 3 in 0.015595s
[2012-04-26 12:24:45,932] - DEBUG - zeitgeist.fts - Indexing 'file:///home/anjana/Desktop/DSCF2669.JPG'
[2012-04-26 12:24:45,933] - DEBUG - zeitgeist.fts - Indexing 'file:///home/anjana/Desktop/DSCF2669.JPG'
[2012-04-26 12:24:46,434] - DEBUG - zeitgeist.fts - Committing FTS index
[2012-04-26 12:24:50,828] - DEBUG - zeitgeist.fts - Indexing 'file:///home/anjana/Desktop/102_2118.JPG'
[2012-04-26 12:24:50,831] - DEBUG - zeitgeist.fts - Indexing 'file:///home/anjana/Desktop/102_2118.JPG'
[2012-04-26 12:24:50,833] - DEBUG - zeitgeist.fts - Indexing 'file:///home/anjana/Desktop/102_2118.JPG'
[2012-04-26 12:24:50,841] - DEBUG - zeitgeist.engine - Inserted 3 events out of 3 in 0.013145s
[2012-04-26 12:24:51,335] - DEBUG - zeitgeist.fts - Committing FTS index
[2012-04-26 12:24:52,236] - DEBUG - zeitgeist.fts - Indexing 'file:///home/anjana/Desktop/DSCF2669.JPG'
[2012-04-26 12:24:52,240] - DEBUG - zeitgeist.engine - Inserted 1 events out of 1 in 0.004451s
[2012-04-26 12:24:52,738] - DEBUG - zeitgeist.fts - Committing FTS index
[2012-04-26 13:25:24,204] - DEBUG - zeitgeist.fts - Indexing 'application://gnome-terminal.desktop'
[2012-04-26 13:25:24,235] - DEBUG - zeitgeist.engine - Inserted 1 events out of 1 in 0.032956s
[2012-04-26 13:25:24,707] - DEBUG - zeitgeist.fts - Committing FTS index
[2012-04-26 13:33:48,267] - DEBUG - zeitgeist.fts - Indexing 'file:///home/anjana/.ssh/id_rsa.pub'
[2012-04-26 13:33:48,268] - DEBUG - zeitgeist.fts - Indexing 'file:///home/anjana/.ssh/id_rsa.pub'
[2012-04-26 13:33:48,270] - DEBUG - zeitgeist.fts - Indexing 'file:///home/anjana/.ssh/id_rsa.pub'
[2012-04-26 13:33:48,279] - DEBUG - zeitgeist.engine - Inserted 3 events out of 3 in 0.015423s
[2012-04-26 13:33:48,780] - DEBUG - zeitgeist.fts - Committing FTS index
[2012-04-26 15:22:41,547] - DEBUG - singleton - Checking for another running instance...
[2012-04-26 15:22:41,555] - INFO - zeitgeist.sql - Using database: /home/anjana/.local/share/zeitgeist/activity.sqlite
[2012-04-26 15:22:41,557] - DEBUG - zeitgeist.sql - Core schema is good. DB loaded in 2.15220451355ms
[2012-04-26 15:22:41,582] - DEBUG - zeitgeist.extension - Searching for system extensions in: /usr/share/zeitgeist/_zeitgeist/engine/extensions
[2012-04-26 15:22:41,582] - DEBUG - zeitgeist.extension - Searching for user extensions in: /home/anjana/.local/share/zeitgeist/extensions
[2012-04-26 15:22:41,622] - DEBUG - zeitgeist.extension - No extra extensions
[2012-04-26 15:22:41,622] - DEBUG - zeitgeist.extension - Found extensions: [<class '_zeitgeist.engine.extensions.fts.SearchEngineExtension'>, <class '_zeitgeist.engine.extensions.datasource_registry.DataSourceRegistry'>, <class '_zeitgeist.engine.extensions.blacklist.Blacklist'>]
[2012-04-26 15:22:41,622] - DEBUG - zeitgeist.extension - Loading extension 'SearchEngineExtension'
[2012-04-26 15:22:41,623] - DEBUG - zeitgeist.fts - Opening full text index: /home/anjana/.local/share/zeitgeist/fts.index
[2012-04-26 15:22:41,642] - DEBUG - zeitgeist.extension - Loading extension 'DataSourceRegistry'
[2012-04-26 15:22:41,642] - DEBUG - zeitgeist.datasource_registry - Loaded data-source data from /home/anjana/.local/share/zeitgeist/datasources.pickle
[2012-04-26 15:22:41,643] - DEBUG - zeitgeist.extension - Loading extension 'Blacklist'
[2012-04-26 15:22:41,643] - DEBUG - zeitgeist.blacklist - No existing blacklist config found
[2012-04-26 15:22:41,645] - INFO - root - Trying to start the datahub
[2012-04-26 15:22:41,668] - DEBUG - root - Running datahub (/usr/bin/zeitgeist-datahub) with PID=1563
[2012-04-26 15:22:41,668] - INFO - root - Starting Zeitgeist service...
[2012-04-26 15:22:41,794] - DEBUG - zeitgeist.fts - Indexing 'file:///home/anjana/.ssh/id_rsa.pub'
[2012-04-26 15:22:41,819] - DEBUG - zeitgeist.engine - Inserted 9 events out of 9 in 0.028847s
[2012-04-26 15:22:41,820] - DEBUG - zeitgeist.fts - Indexing 'file:///home/anjana/.ssh/id_rsa.pub'
[2012-04-26 15:22:41,823] - DEBUG - zeitgeist.fts - Indexing 'file:///home/anjana/.ssh/id_rsa.pub'
[2012-04-26 15:22:41,824] - DEBUG - zeitgeist.fts - Indexing 'file:///home/anjana/Desktop/102_2118.JPG'
[2012-04-26 15:22:41,825] - DEBUG - zeitgeist.fts - Indexing 'file:///home/anjana/Desktop/102_2118.JPG'
[2012-04-26 15:22:41,826] - DEBUG - zeitgeist.fts - Indexing 'file:///home/anjana/Desktop/102_2118.JPG'
[2012-04-26 15:22:41,836] - DEBUG - zeitgeist.fts - Indexing 'file:///home/anjana/Desktop/DSCF2669.JPG'
[2012-04-26 15:22:41,837] - DEBUG - zeitgeist.fts - Indexing 'file:///home/anjana/Desktop/DSCF2669.JPG'
[2012-04-26 15:22:41,837] - DEBUG - zeitgeist.fts - Indexing 'file:///home/anjana/Desktop/DSCF2669.JPG'
[2012-04-26 15:22:42,338] - DEBUG - zeitgeist.fts - Committing FTS index
[2012-04-26 16:01:37,342] - DEBUG - zeitgeist.fts - Indexing 'application://gnome-terminal.desktop'
[2012-04-26 16:01:37,359] - DEBUG - zeitgeist.engine - Inserted 1 events out of 1 in 0.018400s
[2012-04-26 16:01:37,843] - DEBUG - zeitgeist.fts - Committing FTS index
[2012-04-26 16:04:55,896] - DEBUG - zeitgeist.fts - Indexing 'application://firefox.desktop'
[2012-04-26 16:04:55,917] - DEBUG - zeitgeist.engine - Inserted 1 events out of 1 in 0.020502s
[2012-04-26 16:04:55,958] - DEBUG - zeitgeist.engine - Inserted 1 events out of 1 in 0.021825s
[2012-04-26 16:04:55,962] - DEBUG - zeitgeist.fts - Indexing 'application://firefox.desktop'
[2012-04-26 16:04:56,463] - DEBUG - zeitgeist.fts - Committing FTS index
[2012-04-26 16:05:29,850] - DEBUG - zeitgeist.fts - Indexing 'application://firefox.desktop'
[2012-04-26 16:05:29,853] - DEBUG - zeitgeist.engine - Inserted 1 events out of 1 in 0.003847s
[2012-04-26 16:05:30,351] - DEBUG - zeitgeist.fts - Committing FTS index
[2012-04-26 16:05:55,850] - DEBUG - zeitgeist.fts - Indexing 'application://gnome-terminal.desktop'
[2012-04-26 16:05:55,854] - DEBUG - zeitgeist.engine - Inserted 1 events out of 1 in 0.004690s
[2012-04-26 16:05:56,352] - DEBUG - zeitgeist.fts - Committing FTS index
[2012-04-26 16:11:23,212] - DEBUG - zeitgeist.fts - Indexing 'file:///home/anjana/.gitignore'
[2012-04-26 16:11:23,212] - DEBUG - zeitgeist.engine - Inserted 1 events out of 1 in 0.003796s
[2012-04-26 16:11:23,713] - DEBUG - zeitgeist.fts - Committing FTS index
[2012-04-26 16:11:25,427] - DEBUG - zeitgeist.engine - Inserted 1 events out of 1 in 0.004537s
[2012-04-26 16:11:25,429] - DEBUG - zeitgeist.fts - Indexing 'file:///home/anjana/.gitignore'
[2012-04-26 16:11:25,930] - DEBUG - zeitgeist.fts - Committing FTS index
