2012-04-24 06:59:32,080 - ubuntuone.credentials - INFO - Starting Ubuntu One login manager for bus 'com.ubuntuone.Credentials'.
2012-04-24 06:59:32,086 - ubuntuone.credentials - DEBUG - ref_count is 0, changing value to 1.
2012-04-24 06:59:32,594 - ubuntuone.credentials - DEBUG - Handling DBus signal for member: 'CredentialsNotFound', app_name: dbus.String(u'Ubuntu One').
2012-04-24 06:59:32,595 - ubuntuone.credentials - DEBUG - ref_count is 1, changing value to 0.
2012-04-24 06:59:32,595 - ubuntuone.credentials - DEBUG - Setting up timer with <built-in function timeout_add> (10000, <bound method CredentialsManagement.shutdown of <ubuntuone.platform.linux.credentials.CredentialsManagement at /credentials at 0x2036750>>).
2012-04-24 06:59:32,596 - ubuntuone.credentials - INFO - CredentialsManagement: emitting CredentialsNotFound.
2012-04-24 06:59:42,604 - ubuntuone.credentials - DEBUG - shutdown!, ref_count is 0.
2012-04-24 06:59:42,605 - ubuntuone.credentials - INFO - Shutting down, calling <built-in method quit of glib.MainLoop object at 0x1b4d2f0>.
2012-04-24 14:48:50,250 - ubuntuone.credentials - INFO - Starting Ubuntu One login manager for bus 'com.ubuntuone.Credentials'.
2012-04-24 14:48:50,269 - ubuntuone.credentials - DEBUG - ref_count is 0, changing value to 1.
2012-04-24 14:48:50,270 - ubuntuone.credentials - DEBUG - ref_count is 1, changing value to 2.
2012-04-24 14:48:50,929 - ubuntuone.credentials - DEBUG - Handling DBus signal for member: 'CredentialsNotFound', app_name: dbus.String(u'Ubuntu One').
2012-04-24 14:48:50,929 - ubuntuone.credentials - DEBUG - ref_count is 2, changing value to 1.
2012-04-24 14:48:50,929 - ubuntuone.credentials - INFO - CredentialsManagement: emitting CredentialsNotFound.
2012-04-24 14:48:50,930 - ubuntuone.credentials - DEBUG - cleanup: removing signal match <<class 'dbus.connection.SignalMatch'> at 2f1b7d0 "type='signal',sender='com.ubuntuone.Credentials',path='/credentials',interface='com.ubuntuone.CredentialsManagement',member='CredentialsFound'" on conn <dbus._dbus.SessionBus (session) at 0x2d26230>>
2012-04-24 14:48:50,930 - ubuntuone.credentials - DEBUG - cleanup: removing signal match <<class 'dbus.connection.SignalMatch'> at 2f1b7d0 "type='signal',sender='com.ubuntuone.Credentials',path='/credentials',interface='com.ubuntuone.CredentialsManagement',member='CredentialsFound'" on conn <dbus._dbus.SessionBus (session) at 0x2d26230>>
2012-04-24 14:48:50,931 - ubuntuone.credentials - DEBUG - cleanup: removing signal match <<class 'dbus.connection.SignalMatch'> at 2f1b950 "type='signal',sender='com.ubuntuone.Credentials',path='/credentials',interface='com.ubuntuone.CredentialsManagement',member='CredentialsNotFound'" on conn <dbus._dbus.SessionBus (session) at 0x2d26230>>
2012-04-24 14:48:50,931 - ubuntuone.credentials - DEBUG - cleanup: removing signal match <<class 'dbus.connection.SignalMatch'> at 2f1b950 "type='signal',sender='com.ubuntuone.Credentials',path='/credentials',interface='com.ubuntuone.CredentialsManagement',member='CredentialsNotFound'" on conn <dbus._dbus.SessionBus (session) at 0x2d26230>>
2012-04-24 14:48:50,931 - ubuntuone.credentials - DEBUG - cleanup: removing signal match <<class 'dbus.connection.SignalMatch'> at 2f1bad0 "type='signal',sender='com.ubuntuone.Credentials',path='/credentials',interface='com.ubuntuone.CredentialsManagement',member='CredentialsError'" on conn <dbus._dbus.SessionBus (session) at 0x2d26230>>
2012-04-24 14:48:50,931 - ubuntuone.credentials - DEBUG - cleanup: removing signal match <<class 'dbus.connection.SignalMatch'> at 2f1bad0 "type='signal',sender='com.ubuntuone.Credentials',path='/credentials',interface='com.ubuntuone.CredentialsManagement',member='CredentialsError'" on conn <dbus._dbus.SessionBus (session) at 0x2d26230>>
2012-04-24 14:48:50,932 - ubuntuone.credentials - DEBUG - Handling DBus signal for member: 'CredentialsNotFound', app_name: dbus.String(u'Ubuntu One').
2012-04-24 14:48:50,932 - ubuntuone.credentials - DEBUG - ref_count is 1, changing value to 0.
2012-04-24 14:48:50,932 - ubuntuone.credentials - DEBUG - Setting up timer with <built-in function timeout_add> (10000, <bound method CredentialsManagement.shutdown of <ubuntuone.platform.linux.credentials.CredentialsManagement at /credentials at 0x1cec750>>).
2012-04-24 14:48:50,932 - ubuntuone.credentials - INFO - CredentialsManagement: emitting CredentialsNotFound.
2012-04-24 14:49:00,935 - ubuntuone.credentials - DEBUG - shutdown!, ref_count is 0.
2012-04-24 14:49:00,936 - ubuntuone.credentials - INFO - Shutting down, calling <built-in method quit of glib.MainLoop object at 0x18032f0>.
2012-04-24 22:12:09,448 - ubuntuone.credentials - INFO - Starting Ubuntu One login manager for bus 'com.ubuntuone.Credentials'.
2012-04-24 22:12:09,493 - ubuntuone.credentials - DEBUG - ref_count is 0, changing value to 1.
2012-04-24 22:12:09,494 - ubuntuone.credentials - DEBUG - ref_count is 1, changing value to 2.
2012-04-24 22:12:10,119 - ubuntuone.credentials - DEBUG - Handling DBus signal for member: 'CredentialsNotFound', app_name: dbus.String(u'Ubuntu One').
2012-04-24 22:12:10,119 - ubuntuone.credentials - DEBUG - ref_count is 2, changing value to 1.
2012-04-24 22:12:10,119 - ubuntuone.credentials - INFO - CredentialsManagement: emitting CredentialsNotFound.
2012-04-24 22:12:10,120 - ubuntuone.credentials - DEBUG - cleanup: removing signal match <<class 'dbus.connection.SignalMatch'> at 3ab77d0 "type='signal',sender='com.ubuntuone.Credentials',path='/credentials',interface='com.ubuntuone.CredentialsManagement',member='CredentialsFound'" on conn <dbus._dbus.SessionBus (session) at 0x38c21d0>>
2012-04-24 22:12:10,120 - ubuntuone.credentials - DEBUG - cleanup: removing signal match <<class 'dbus.connection.SignalMatch'> at 3ab77d0 "type='signal',sender='com.ubuntuone.Credentials',path='/credentials',interface='com.ubuntuone.CredentialsManagement',member='CredentialsFound'" on conn <dbus._dbus.SessionBus (session) at 0x38c21d0>>
2012-04-24 22:12:10,121 - ubuntuone.credentials - DEBUG - cleanup: removing signal match <<class 'dbus.connection.SignalMatch'> at 3ab7950 "type='signal',sender='com.ubuntuone.Credentials',path='/credentials',interface='com.ubuntuone.CredentialsManagement',member='CredentialsNotFound'" on conn <dbus._dbus.SessionBus (session) at 0x38c21d0>>
2012-04-24 22:12:10,121 - ubuntuone.credentials - DEBUG - cleanup: removing signal match <<class 'dbus.connection.SignalMatch'> at 3ab7950 "type='signal',sender='com.ubuntuone.Credentials',path='/credentials',interface='com.ubuntuone.CredentialsManagement',member='CredentialsNotFound'" on conn <dbus._dbus.SessionBus (session) at 0x38c21d0>>
2012-04-24 22:12:10,121 - ubuntuone.credentials - DEBUG - cleanup: removing signal match <<class 'dbus.connection.SignalMatch'> at 3ab7ad0 "type='signal',sender='com.ubuntuone.Credentials',path='/credentials',interface='com.ubuntuone.CredentialsManagement',member='CredentialsError'" on conn <dbus._dbus.SessionBus (session) at 0x38c21d0>>
2012-04-24 22:12:10,121 - ubuntuone.credentials - DEBUG - cleanup: removing signal match <<class 'dbus.connection.SignalMatch'> at 3ab7ad0 "type='signal',sender='com.ubuntuone.Credentials',path='/credentials',interface='com.ubuntuone.CredentialsManagement',member='CredentialsError'" on conn <dbus._dbus.SessionBus (session) at 0x38c21d0>>
2012-04-24 22:12:10,122 - ubuntuone.credentials - DEBUG - Handling DBus signal for member: 'CredentialsNotFound', app_name: dbus.String(u'Ubuntu One').
2012-04-24 22:12:10,122 - ubuntuone.credentials - DEBUG - ref_count is 1, changing value to 0.
2012-04-24 22:12:10,122 - ubuntuone.credentials - DEBUG - Setting up timer with <built-in function timeout_add> (10000, <bound method CredentialsManagement.shutdown of <ubuntuone.platform.linux.credentials.CredentialsManagement at /credentials at 0x216b750>>).
2012-04-24 22:12:10,122 - ubuntuone.credentials - INFO - CredentialsManagement: emitting CredentialsNotFound.
2012-04-24 22:12:20,125 - ubuntuone.credentials - DEBUG - shutdown!, ref_count is 0.
2012-04-24 22:12:20,125 - ubuntuone.credentials - INFO - Shutting down, calling <built-in method quit of glib.MainLoop object at 0x1c822f0>.
2012-04-25 09:42:32,347 - ubuntuone.credentials - INFO - Starting Ubuntu One login manager for bus 'com.ubuntuone.Credentials'.
2012-04-25 09:42:32,359 - ubuntuone.credentials - DEBUG - ref_count is 0, changing value to 1.
2012-04-25 09:42:32,360 - ubuntuone.credentials - DEBUG - ref_count is 1, changing value to 2.
2012-04-25 09:42:32,964 - ubuntuone.credentials - DEBUG - Handling DBus signal for member: 'CredentialsNotFound', app_name: dbus.String(u'Ubuntu One').
2012-04-25 09:42:32,964 - ubuntuone.credentials - DEBUG - ref_count is 2, changing value to 1.
2012-04-25 09:42:32,964 - ubuntuone.credentials - INFO - CredentialsManagement: emitting CredentialsNotFound.
2012-04-25 09:42:32,964 - ubuntuone.credentials - DEBUG - Handling DBus signal for member: 'CredentialsNotFound', app_name: dbus.String(u'Ubuntu One').
2012-04-25 09:42:32,965 - ubuntuone.credentials - DEBUG - ref_count is 1, changing value to 0.
2012-04-25 09:42:32,965 - ubuntuone.credentials - DEBUG - cleanup: removing signal match <<class 'dbus.connection.SignalMatch'> at 1f8a7d0 "type='signal',sender='com.ubuntuone.Credentials',path='/credentials',interface='com.ubuntuone.CredentialsManagement',member='CredentialsFound'" on conn <dbus._dbus.SessionBus (session) at 0x1d961d0>>
2012-04-25 09:42:32,965 - ubuntuone.credentials - DEBUG - Setting up timer with <built-in function timeout_add> (10000, <bound method CredentialsManagement.shutdown of <ubuntuone.platform.linux.credentials.CredentialsManagement at /credentials at 0x3562750>>).
2012-04-25 09:42:32,965 - ubuntuone.credentials - DEBUG - cleanup: removing signal match <<class 'dbus.connection.SignalMatch'> at 1f8a7d0 "type='signal',sender='com.ubuntuone.Credentials',path='/credentials',interface='com.ubuntuone.CredentialsManagement',member='CredentialsFound'" on conn <dbus._dbus.SessionBus (session) at 0x1d961d0>>
2012-04-25 09:42:32,965 - ubuntuone.credentials - INFO - CredentialsManagement: emitting CredentialsNotFound.
2012-04-25 09:42:32,965 - ubuntuone.credentials - DEBUG - cleanup: removing signal match <<class 'dbus.connection.SignalMatch'> at 1f8a950 "type='signal',sender='com.ubuntuone.Credentials',path='/credentials',interface='com.ubuntuone.CredentialsManagement',member='CredentialsNotFound'" on conn <dbus._dbus.SessionBus (session) at 0x1d961d0>>
2012-04-25 09:42:32,965 - ubuntuone.credentials - DEBUG - cleanup: removing signal match <<class 'dbus.connection.SignalMatch'> at 1f8a950 "type='signal',sender='com.ubuntuone.Credentials',path='/credentials',interface='com.ubuntuone.CredentialsManagement',member='CredentialsNotFound'" on conn <dbus._dbus.SessionBus (session) at 0x1d961d0>>
2012-04-25 09:42:32,966 - ubuntuone.credentials - DEBUG - cleanup: removing signal match <<class 'dbus.connection.SignalMatch'> at 1f8aad0 "type='signal',sender='com.ubuntuone.Credentials',path='/credentials',interface='com.ubuntuone.CredentialsManagement',member='CredentialsError'" on conn <dbus._dbus.SessionBus (session) at 0x1d961d0>>
2012-04-25 09:42:32,966 - ubuntuone.credentials - DEBUG - cleanup: removing signal match <<class 'dbus.connection.SignalMatch'> at 1f8aad0 "type='signal',sender='com.ubuntuone.Credentials',path='/credentials',interface='com.ubuntuone.CredentialsManagement',member='CredentialsError'" on conn <dbus._dbus.SessionBus (session) at 0x1d961d0>>
2012-04-25 09:42:42,975 - ubuntuone.credentials - DEBUG - shutdown!, ref_count is 0.
2012-04-25 09:42:42,975 - ubuntuone.credentials - INFO - Shutting down, calling <built-in method quit of glib.MainLoop object at 0x30792f0>.
2012-04-25 15:22:41,352 - ubuntuone.credentials - INFO - Starting Ubuntu One login manager for bus 'com.ubuntuone.Credentials'.
2012-04-25 15:22:41,363 - ubuntuone.credentials - DEBUG - ref_count is 0, changing value to 1.
2012-04-25 15:22:41,363 - ubuntuone.credentials - DEBUG - ref_count is 1, changing value to 2.
2012-04-25 15:22:41,944 - ubuntuone.credentials - DEBUG - Handling DBus signal for member: 'CredentialsNotFound', app_name: dbus.String(u'Ubuntu One').
2012-04-25 15:22:41,945 - ubuntuone.credentials - DEBUG - ref_count is 2, changing value to 1.
2012-04-25 15:22:41,945 - ubuntuone.credentials - INFO - CredentialsManagement: emitting CredentialsNotFound.
2012-04-25 15:22:41,945 - ubuntuone.credentials - DEBUG - cleanup: removing signal match <<class 'dbus.connection.SignalMatch'> at 22d47d0 "type='signal',sender='com.ubuntuone.Credentials',path='/credentials',interface='com.ubuntuone.CredentialsManagement',member='CredentialsFound'" on conn <dbus._dbus.SessionBus (session) at 0x20e01d0>>
2012-04-25 15:22:41,945 - ubuntuone.credentials - DEBUG - cleanup: removing signal match <<class 'dbus.connection.SignalMatch'> at 22d47d0 "type='signal',sender='com.ubuntuone.Credentials',path='/credentials',interface='com.ubuntuone.CredentialsManagement',member='CredentialsFound'" on conn <dbus._dbus.SessionBus (session) at 0x20e01d0>>
2012-04-25 15:22:41,946 - ubuntuone.credentials - DEBUG - cleanup: removing signal match <<class 'dbus.connection.SignalMatch'> at 22d4950 "type='signal',sender='com.ubuntuone.Credentials',path='/credentials',interface='com.ubuntuone.CredentialsManagement',member='CredentialsNotFound'" on conn <dbus._dbus.SessionBus (session) at 0x20e01d0>>
2012-04-25 15:22:41,946 - ubuntuone.credentials - DEBUG - cleanup: removing signal match <<class 'dbus.connection.SignalMatch'> at 22d4950 "type='signal',sender='com.ubuntuone.Credentials',path='/credentials',interface='com.ubuntuone.CredentialsManagement',member='CredentialsNotFound'" on conn <dbus._dbus.SessionBus (session) at 0x20e01d0>>
2012-04-25 15:22:41,947 - ubuntuone.credentials - DEBUG - cleanup: removing signal match <<class 'dbus.connection.SignalMatch'> at 22d4ad0 "type='signal',sender='com.ubuntuone.Credentials',path='/credentials',interface='com.ubuntuone.CredentialsManagement',member='CredentialsError'" on conn <dbus._dbus.SessionBus (session) at 0x20e01d0>>
2012-04-25 15:22:41,947 - ubuntuone.credentials - DEBUG - cleanup: removing signal match <<class 'dbus.connection.SignalMatch'> at 22d4ad0 "type='signal',sender='com.ubuntuone.Credentials',path='/credentials',interface='com.ubuntuone.CredentialsManagement',member='CredentialsError'" on conn <dbus._dbus.SessionBus (session) at 0x20e01d0>>
2012-04-25 15:22:41,947 - ubuntuone.credentials - DEBUG - Handling DBus signal for member: 'CredentialsNotFound', app_name: dbus.String(u'Ubuntu One').
2012-04-25 15:22:41,947 - ubuntuone.credentials - DEBUG - ref_count is 1, changing value to 0.
2012-04-25 15:22:41,947 - ubuntuone.credentials - DEBUG - Setting up timer with <built-in function timeout_add> (10000, <bound method CredentialsManagement.shutdown of <ubuntuone.platform.linux.credentials.CredentialsManagement at /credentials at 0x1ab6750>>).
2012-04-25 15:22:41,948 - ubuntuone.credentials - INFO - CredentialsManagement: emitting CredentialsNotFound.
2012-04-25 15:22:51,955 - ubuntuone.credentials - DEBUG - shutdown!, ref_count is 0.
2012-04-25 15:22:51,955 - ubuntuone.credentials - INFO - Shutting down, calling <built-in method quit of glib.MainLoop object at 0x15ce2f0>.
2012-04-26 12:24:04,960 - ubuntuone.credentials - INFO - Starting Ubuntu One login manager for bus 'com.ubuntuone.Credentials'.
2012-04-26 12:24:04,970 - ubuntuone.credentials - DEBUG - ref_count is 0, changing value to 1.
2012-04-26 12:24:04,970 - ubuntuone.credentials - DEBUG - ref_count is 1, changing value to 2.
2012-04-26 12:24:05,551 - ubuntuone.credentials - DEBUG - Handling DBus signal for member: 'CredentialsNotFound', app_name: dbus.String(u'Ubuntu One').
2012-04-26 12:24:05,552 - ubuntuone.credentials - DEBUG - ref_count is 2, changing value to 1.
2012-04-26 12:24:05,552 - ubuntuone.credentials - INFO - CredentialsManagement: emitting CredentialsNotFound.
2012-04-26 12:24:05,552 - ubuntuone.credentials - DEBUG - cleanup: removing signal match <<class 'dbus.connection.SignalMatch'> at 35817d0 "type='signal',sender='com.ubuntuone.Credentials',path='/credentials',interface='com.ubuntuone.CredentialsManagement',member='CredentialsFound'" on conn <dbus._dbus.SessionBus (session) at 0x338d1d0>>
2012-04-26 12:24:05,552 - ubuntuone.credentials - DEBUG - cleanup: removing signal match <<class 'dbus.connection.SignalMatch'> at 35817d0 "type='signal',sender='com.ubuntuone.Credentials',path='/credentials',interface='com.ubuntuone.CredentialsManagement',member='CredentialsFound'" on conn <dbus._dbus.SessionBus (session) at 0x338d1d0>>
2012-04-26 12:24:05,553 - ubuntuone.credentials - DEBUG - cleanup: removing signal match <<class 'dbus.connection.SignalMatch'> at 3581950 "type='signal',sender='com.ubuntuone.Credentials',path='/credentials',interface='com.ubuntuone.CredentialsManagement',member='CredentialsNotFound'" on conn <dbus._dbus.SessionBus (session) at 0x338d1d0>>
2012-04-26 12:24:05,553 - ubuntuone.credentials - DEBUG - cleanup: removing signal match <<class 'dbus.connection.SignalMatch'> at 3581950 "type='signal',sender='com.ubuntuone.Credentials',path='/credentials',interface='com.ubuntuone.CredentialsManagement',member='CredentialsNotFound'" on conn <dbus._dbus.SessionBus (session) at 0x338d1d0>>
2012-04-26 12:24:05,553 - ubuntuone.credentials - DEBUG - cleanup: removing signal match <<class 'dbus.connection.SignalMatch'> at 3581ad0 "type='signal',sender='com.ubuntuone.Credentials',path='/credentials',interface='com.ubuntuone.CredentialsManagement',member='CredentialsError'" on conn <dbus._dbus.SessionBus (session) at 0x338d1d0>>
2012-04-26 12:24:05,553 - ubuntuone.credentials - DEBUG - cleanup: removing signal match <<class 'dbus.connection.SignalMatch'> at 3581ad0 "type='signal',sender='com.ubuntuone.Credentials',path='/credentials',interface='com.ubuntuone.CredentialsManagement',member='CredentialsError'" on conn <dbus._dbus.SessionBus (session) at 0x338d1d0>>
2012-04-26 12:24:05,557 - ubuntuone.credentials - DEBUG - Handling DBus signal for member: 'CredentialsNotFound', app_name: dbus.String(u'Ubuntu One').
2012-04-26 12:24:05,557 - ubuntuone.credentials - DEBUG - ref_count is 1, changing value to 0.
2012-04-26 12:24:05,557 - ubuntuone.credentials - DEBUG - Setting up timer with <built-in function timeout_add> (10000, <bound method CredentialsManagement.shutdown of <ubuntuone.platform.linux.credentials.CredentialsManagement at /credentials at 0x21f7750>>).
2012-04-26 12:24:05,557 - ubuntuone.credentials - INFO - CredentialsManagement: emitting CredentialsNotFound.
2012-04-26 12:24:15,565 - ubuntuone.credentials - DEBUG - shutdown!, ref_count is 0.
2012-04-26 12:24:15,565 - ubuntuone.credentials - INFO - Shutting down, calling <built-in method quit of glib.MainLoop object at 0x1d0f2f0>.
2012-04-26 15:23:16,301 - ubuntuone.credentials - INFO - Starting Ubuntu One login manager for bus 'com.ubuntuone.Credentials'.
2012-04-26 15:23:16,323 - ubuntuone.credentials - DEBUG - ref_count is 0, changing value to 1.
2012-04-26 15:23:16,323 - ubuntuone.credentials - DEBUG - ref_count is 1, changing value to 2.
2012-04-26 15:23:16,960 - ubuntuone.credentials - DEBUG - Handling DBus signal for member: 'CredentialsNotFound', app_name: dbus.String(u'Ubuntu One').
2012-04-26 15:23:16,960 - ubuntuone.credentials - DEBUG - ref_count is 2, changing value to 1.
2012-04-26 15:23:16,960 - ubuntuone.credentials - INFO - CredentialsManagement: emitting CredentialsNotFound.
2012-04-26 15:23:16,961 - ubuntuone.credentials - DEBUG - cleanup: removing signal match <<class 'dbus.connection.SignalMatch'> at 258e7d0 "type='signal',sender='com.ubuntuone.Credentials',path='/credentials',interface='com.ubuntuone.CredentialsManagement',member='CredentialsFound'" on conn <dbus._dbus.SessionBus (session) at 0x239a1d0>>
2012-04-26 15:23:16,961 - ubuntuone.credentials - DEBUG - cleanup: removing signal match <<class 'dbus.connection.SignalMatch'> at 258e7d0 "type='signal',sender='com.ubuntuone.Credentials',path='/credentials',interface='com.ubuntuone.CredentialsManagement',member='CredentialsFound'" on conn <dbus._dbus.SessionBus (session) at 0x239a1d0>>
2012-04-26 15:23:16,962 - ubuntuone.credentials - DEBUG - cleanup: removing signal match <<class 'dbus.connection.SignalMatch'> at 258e950 "type='signal',sender='com.ubuntuone.Credentials',path='/credentials',interface='com.ubuntuone.CredentialsManagement',member='CredentialsNotFound'" on conn <dbus._dbus.SessionBus (session) at 0x239a1d0>>
2012-04-26 15:23:16,962 - ubuntuone.credentials - DEBUG - cleanup: removing signal match <<class 'dbus.connection.SignalMatch'> at 258e950 "type='signal',sender='com.ubuntuone.Credentials',path='/credentials',interface='com.ubuntuone.CredentialsManagement',member='CredentialsNotFound'" on conn <dbus._dbus.SessionBus (session) at 0x239a1d0>>
2012-04-26 15:23:16,962 - ubuntuone.credentials - DEBUG - cleanup: removing signal match <<class 'dbus.connection.SignalMatch'> at 258ead0 "type='signal',sender='com.ubuntuone.Credentials',path='/credentials',interface='com.ubuntuone.CredentialsManagement',member='CredentialsError'" on conn <dbus._dbus.SessionBus (session) at 0x239a1d0>>
2012-04-26 15:23:16,962 - ubuntuone.credentials - DEBUG - cleanup: removing signal match <<class 'dbus.connection.SignalMatch'> at 258ead0 "type='signal',sender='com.ubuntuone.Credentials',path='/credentials',interface='com.ubuntuone.CredentialsManagement',member='CredentialsError'" on conn <dbus._dbus.SessionBus (session) at 0x239a1d0>>
2012-04-26 15:23:16,962 - ubuntuone.credentials - DEBUG - Handling DBus signal for member: 'CredentialsNotFound', app_name: dbus.String(u'Ubuntu One').
2012-04-26 15:23:16,963 - ubuntuone.credentials - DEBUG - ref_count is 1, changing value to 0.
2012-04-26 15:23:16,963 - ubuntuone.credentials - DEBUG - Setting up timer with <built-in function timeout_add> (10000, <bound method CredentialsManagement.shutdown of <ubuntuone.platform.linux.credentials.CredentialsManagement at /credentials at 0x36f0750>>).
2012-04-26 15:23:16,963 - ubuntuone.credentials - INFO - CredentialsManagement: emitting CredentialsNotFound.
2012-04-26 15:23:26,973 - ubuntuone.credentials - DEBUG - shutdown!, ref_count is 0.
2012-04-26 15:23:26,974 - ubuntuone.credentials - INFO - Shutting down, calling <built-in method quit of glib.MainLoop object at 0x32082f0>.
2012-04-27 11:03:16,843 - ubuntuone.credentials - INFO - Starting Ubuntu One login manager for bus 'com.ubuntuone.Credentials'.
2012-04-27 11:03:16,873 - ubuntuone.credentials - DEBUG - ref_count is 0, changing value to 1.
2012-04-27 11:03:16,874 - ubuntuone.credentials - DEBUG - ref_count is 1, changing value to 2.
2012-04-27 11:03:17,752 - ubuntuone.credentials - DEBUG - Handling DBus signal for member: 'CredentialsNotFound', app_name: dbus.String(u'Ubuntu One').
2012-04-27 11:03:17,753 - ubuntuone.credentials - DEBUG - ref_count is 2, changing value to 1.
2012-04-27 11:03:17,753 - ubuntuone.credentials - INFO - CredentialsManagement: emitting CredentialsNotFound.
2012-04-27 11:03:17,753 - ubuntuone.credentials - DEBUG - cleanup: removing signal match <<class 'dbus.connection.SignalMatch'> at 387e7d0 "type='signal',sender='com.ubuntuone.Credentials',path='/credentials',interface='com.ubuntuone.CredentialsManagement',member='CredentialsFound'" on conn <dbus._dbus.SessionBus (session) at 0x368a1d0>>
2012-04-27 11:03:17,753 - ubuntuone.credentials - DEBUG - cleanup: removing signal match <<class 'dbus.connection.SignalMatch'> at 387e7d0 "type='signal',sender='com.ubuntuone.Credentials',path='/credentials',interface='com.ubuntuone.CredentialsManagement',member='CredentialsFound'" on conn <dbus._dbus.SessionBus (session) at 0x368a1d0>>
2012-04-27 11:03:17,754 - ubuntuone.credentials - DEBUG - cleanup: removing signal match <<class 'dbus.connection.SignalMatch'> at 387e950 "type='signal',sender='com.ubuntuone.Credentials',path='/credentials',interface='com.ubuntuone.CredentialsManagement',member='CredentialsNotFound'" on conn <dbus._dbus.SessionBus (session) at 0x368a1d0>>
2012-04-27 11:03:17,754 - ubuntuone.credentials - DEBUG - cleanup: removing signal match <<class 'dbus.connection.SignalMatch'> at 387e950 "type='signal',sender='com.ubuntuone.Credentials',path='/credentials',interface='com.ubuntuone.CredentialsManagement',member='CredentialsNotFound'" on conn <dbus._dbus.SessionBus (session) at 0x368a1d0>>
2012-04-27 11:03:17,755 - ubuntuone.credentials - DEBUG - cleanup: removing signal match <<class 'dbus.connection.SignalMatch'> at 387ead0 "type='signal',sender='com.ubuntuone.Credentials',path='/credentials',interface='com.ubuntuone.CredentialsManagement',member='CredentialsError'" on conn <dbus._dbus.SessionBus (session) at 0x368a1d0>>
2012-04-27 11:03:17,755 - ubuntuone.credentials - DEBUG - cleanup: removing signal match <<class 'dbus.connection.SignalMatch'> at 387ead0 "type='signal',sender='com.ubuntuone.Credentials',path='/credentials',interface='com.ubuntuone.CredentialsManagement',member='CredentialsError'" on conn <dbus._dbus.SessionBus (session) at 0x368a1d0>>
2012-04-27 11:03:17,755 - ubuntuone.credentials - DEBUG - Handling DBus signal for member: 'CredentialsNotFound', app_name: dbus.String(u'Ubuntu One').
2012-04-27 11:03:17,755 - ubuntuone.credentials - DEBUG - ref_count is 1, changing value to 0.
2012-04-27 11:03:17,755 - ubuntuone.credentials - DEBUG - Setting up timer with <built-in function timeout_add> (10000, <bound method CredentialsManagement.shutdown of <ubuntuone.platform.linux.credentials.CredentialsManagement at /credentials at 0x2180750>>).
2012-04-27 11:03:17,755 - ubuntuone.credentials - INFO - CredentialsManagement: emitting CredentialsNotFound.
2012-04-27 11:03:27,766 - ubuntuone.credentials - DEBUG - shutdown!, ref_count is 0.
2012-04-27 11:03:27,766 - ubuntuone.credentials - INFO - Shutting down, calling <built-in method quit of glib.MainLoop object at 0x1c982f0>.
2012-04-27 13:38:14,198 - ubuntuone.credentials - INFO - Starting Ubuntu One login manager for bus 'com.ubuntuone.Credentials'.
2012-04-27 13:38:14,211 - ubuntuone.credentials - DEBUG - ref_count is 0, changing value to 1.
2012-04-27 13:38:14,212 - ubuntuone.credentials - DEBUG - ref_count is 1, changing value to 2.
2012-04-27 13:38:14,827 - ubuntuone.credentials - DEBUG - Handling DBus signal for member: 'CredentialsNotFound', app_name: dbus.String(u'Ubuntu One').
2012-04-27 13:38:14,827 - ubuntuone.credentials - DEBUG - ref_count is 2, changing value to 1.
2012-04-27 13:38:14,827 - ubuntuone.credentials - INFO - CredentialsManagement: emitting CredentialsNotFound.
2012-04-27 13:38:14,828 - ubuntuone.credentials - DEBUG - Handling DBus signal for member: 'CredentialsNotFound', app_name: dbus.String(u'Ubuntu One').
2012-04-27 13:38:14,828 - ubuntuone.credentials - DEBUG - cleanup: removing signal match <<class 'dbus.connection.SignalMatch'> at 35567d0 "type='signal',sender='com.ubuntuone.Credentials',path='/credentials',interface='com.ubuntuone.CredentialsManagement',member='CredentialsFound'" on conn <dbus._dbus.SessionBus (session) at 0x33611d0>>
2012-04-27 13:38:14,828 - ubuntuone.credentials - DEBUG - ref_count is 1, changing value to 0.
2012-04-27 13:38:14,828 - ubuntuone.credentials - DEBUG - cleanup: removing signal match <<class 'dbus.connection.SignalMatch'> at 35567d0 "type='signal',sender='com.ubuntuone.Credentials',path='/credentials',interface='com.ubuntuone.CredentialsManagement',member='CredentialsFound'" on conn <dbus._dbus.SessionBus (session) at 0x33611d0>>
2012-04-27 13:38:14,829 - ubuntuone.credentials - DEBUG - Setting up timer with <built-in function timeout_add> (10000, <bound method CredentialsManagement.shutdown of <ubuntuone.platform.linux.credentials.CredentialsManagement at /credentials at 0x260f750>>).
2012-04-27 13:38:14,829 - ubuntuone.credentials - INFO - CredentialsManagement: emitting CredentialsNotFound.
2012-04-27 13:38:14,829 - ubuntuone.credentials - DEBUG - cleanup: removing signal match <<class 'dbus.connection.SignalMatch'> at 3556950 "type='signal',sender='com.ubuntuone.Credentials',path='/credentials',interface='com.ubuntuone.CredentialsManagement',member='CredentialsNotFound'" on conn <dbus._dbus.SessionBus (session) at 0x33611d0>>
2012-04-27 13:38:14,829 - ubuntuone.credentials - DEBUG - cleanup: removing signal match <<class 'dbus.connection.SignalMatch'> at 3556950 "type='signal',sender='com.ubuntuone.Credentials',path='/credentials',interface='com.ubuntuone.CredentialsManagement',member='CredentialsNotFound'" on conn <dbus._dbus.SessionBus (session) at 0x33611d0>>
2012-04-27 13:38:14,829 - ubuntuone.credentials - DEBUG - cleanup: removing signal match <<class 'dbus.connection.SignalMatch'> at 3556ad0 "type='signal',sender='com.ubuntuone.Credentials',path='/credentials',interface='com.ubuntuone.CredentialsManagement',member='CredentialsError'" on conn <dbus._dbus.SessionBus (session) at 0x33611d0>>
2012-04-27 13:38:14,829 - ubuntuone.credentials - DEBUG - cleanup: removing signal match <<class 'dbus.connection.SignalMatch'> at 3556ad0 "type='signal',sender='com.ubuntuone.Credentials',path='/credentials',interface='com.ubuntuone.CredentialsManagement',member='CredentialsError'" on conn <dbus._dbus.SessionBus (session) at 0x33611d0>>
2012-04-27 13:38:24,835 - ubuntuone.credentials - DEBUG - shutdown!, ref_count is 0.
2012-04-27 13:38:24,836 - ubuntuone.credentials - INFO - Shutting down, calling <built-in method quit of glib.MainLoop object at 0x21272f0>.
2012-04-28 10:39:24,899 - ubuntuone.credentials - INFO - Starting Ubuntu One login manager for bus 'com.ubuntuone.Credentials'.
2012-04-28 10:39:24,918 - ubuntuone.credentials - DEBUG - ref_count is 0, changing value to 1.
2012-04-28 10:39:24,919 - ubuntuone.credentials - DEBUG - ref_count is 1, changing value to 2.
2012-04-28 10:39:25,557 - ubuntuone.credentials - DEBUG - Handling DBus signal for member: 'CredentialsNotFound', app_name: dbus.String(u'Ubuntu One').
2012-04-28 10:39:25,558 - ubuntuone.credentials - DEBUG - ref_count is 2, changing value to 1.
2012-04-28 10:39:25,558 - ubuntuone.credentials - INFO - CredentialsManagement: emitting CredentialsNotFound.
2012-04-28 10:39:25,558 - ubuntuone.credentials - DEBUG - cleanup: removing signal match <<class 'dbus.connection.SignalMatch'> at 22d17d0 "type='signal',sender='com.ubuntuone.Credentials',path='/credentials',interface='com.ubuntuone.CredentialsManagement',member='CredentialsFound'" on conn <dbus._dbus.SessionBus (session) at 0x20dd1d0>>
2012-04-28 10:39:25,558 - ubuntuone.credentials - DEBUG - cleanup: removing signal match <<class 'dbus.connection.SignalMatch'> at 22d17d0 "type='signal',sender='com.ubuntuone.Credentials',path='/credentials',interface='com.ubuntuone.CredentialsManagement',member='CredentialsFound'" on conn <dbus._dbus.SessionBus (session) at 0x20dd1d0>>
2012-04-28 10:39:25,559 - ubuntuone.credentials - DEBUG - cleanup: removing signal match <<class 'dbus.connection.SignalMatch'> at 22d1950 "type='signal',sender='com.ubuntuone.Credentials',path='/credentials',interface='com.ubuntuone.CredentialsManagement',member='CredentialsNotFound'" on conn <dbus._dbus.SessionBus (session) at 0x20dd1d0>>
2012-04-28 10:39:25,559 - ubuntuone.credentials - DEBUG - cleanup: removing signal match <<class 'dbus.connection.SignalMatch'> at 22d1950 "type='signal',sender='com.ubuntuone.Credentials',path='/credentials',interface='com.ubuntuone.CredentialsManagement',member='CredentialsNotFound'" on conn <dbus._dbus.SessionBus (session) at 0x20dd1d0>>
2012-04-28 10:39:25,559 - ubuntuone.credentials - DEBUG - cleanup: removing signal match <<class 'dbus.connection.SignalMatch'> at 22d1ad0 "type='signal',sender='com.ubuntuone.Credentials',path='/credentials',interface='com.ubuntuone.CredentialsManagement',member='CredentialsError'" on conn <dbus._dbus.SessionBus (session) at 0x20dd1d0>>
2012-04-28 10:39:25,559 - ubuntuone.credentials - DEBUG - cleanup: removing signal match <<class 'dbus.connection.SignalMatch'> at 22d1ad0 "type='signal',sender='com.ubuntuone.Credentials',path='/credentials',interface='com.ubuntuone.CredentialsManagement',member='CredentialsError'" on conn <dbus._dbus.SessionBus (session) at 0x20dd1d0>>
2012-04-28 10:39:25,560 - ubuntuone.credentials - DEBUG - Handling DBus signal for member: 'CredentialsNotFound', app_name: dbus.String(u'Ubuntu One').
2012-04-28 10:39:25,560 - ubuntuone.credentials - DEBUG - ref_count is 1, changing value to 0.
2012-04-28 10:39:25,560 - ubuntuone.credentials - DEBUG - Setting up timer with <built-in function timeout_add> (10000, <bound method CredentialsManagement.shutdown of <ubuntuone.platform.linux.credentials.CredentialsManagement at /credentials at 0x1a4d750>>).
2012-04-28 10:39:25,560 - ubuntuone.credentials - INFO - CredentialsManagement: emitting CredentialsNotFound.
2012-04-28 10:39:35,564 - ubuntuone.credentials - DEBUG - shutdown!, ref_count is 0.
2012-04-28 10:39:35,564 - ubuntuone.credentials - INFO - Shutting down, calling <built-in method quit of glib.MainLoop object at 0x15652f0>.
