Looking at Module: libsoundmenu.so
New style for time label
notify visible signal recieved
New calendar item
Connected to Application Indicator Service.
Request current apps
indicator-sound: new_volume_slider_widget
new_application_item ("Chat")
Building new application entry: :1.25  with icon: bluetooth-disabled at position 0
Using user icon for 'Guest Session' from file: (null)
Get the username
Updating username label
new_application_item ("Ubuntu One")
Changing calendar property: calendar-marks
g_variant_get_string: assertion `value != NULL' failed
Changing calendar property: calendar-marks
g_variant_get_string: assertion `value != NULL' failed
Changing calendar property: calendar-marks
Changing calendar property: calendar-marks
g_variant_get_string: assertion `value != NULL' failed
Changing calendar property: calendar-marks
g_variant_get_string: assertion `value != NULL' failed
Changing calendar property: calendar-marks
Changing calendar property: calendar-marks
g_variant_get_string: assertion `value != NULL' failed
g_variant_get_string: assertion `value != NULL' failed
Changing calendar property: calendar-marks
g_variant_get_string: assertion `value != NULL' failed
g_variant_get_string: assertion `value != NULL' failed
g_variant_get_string: assertion `value != NULL' failed
Changing calendar property: calendar-marks
